# JRE version: OpenJDK Runtime Environment Temurin-17.0.3+7 (17.0.3+7) (build 17.0.3+7)
# Java VM: OpenJDK 64-Bit Server VM Temurin-17.0.3+7 (17.0.3+7, mixed mode, tiered, compressed oops, compressed class ptrs, parallel gc, windows-amd64)
GC Precious Log:
 CPUs: 16 total, 16 available
 Memory: 14197M
 Large Page Support: Disabled
 NUMA Support: Disabled
 Compressed Oops: Enabled (32-bit)
 Alignments: Space 512K, Generation 512K, Heap 2M
 Heap Min Capacity: 100M
 Heap Initial Capacity: 100M
 Heap Max Capacity: 1G
 Pre-touch: Disabled
 Parallel Workers: 13
Heap:
 PSYoungGen      total 2048K, used 1307K [0x00000000eab00000, 0x00000000eae00000, 0x0000000100000000)
  eden space 1536K, 62% used [0x00000000eab00000,0x00000000eabeed60,0x00000000eac80000)
  from space 512K, 68% used [0x00000000ead80000,0x00000000eadd8000,0x00000000eae00000)
  to   space 512K, 0% used [0x00000000ead00000,0x00000000ead00000,0x00000000ead80000)
 ParOldGen       total 89600K, used 78281K [0x00000000c0000000, 0x00000000c5780000, 0x00000000eab00000)
  object space 89600K, 87% used [0x00000000c0000000,0x00000000c4c72640,0x00000000c5780000)
 Metaspace       used 67954K, committed 68992K, reserved 1114112K
  class space    used 8232K, committed 8704K, reserved 1048576K
GC Heap History (20 events):
Event: 803.304 GC heap before
{Heap before GC invocations=263 (full 7):
 PSYoungGen      total 1536K, used 1341K [0x00000000eab00000, 0x00000000ead80000, 0x0000000100000000)
  eden space 1024K, 99% used [0x00000000eab00000,0x00000000eabff490,0x00000000eac00000)
  from space 512K, 62% used [0x00000000eac80000,0x00000000eacd0000,0x00000000ead00000)
  to   space 512K, 0% used [0x00000000ead00000,0x00000000ead00000,0x00000000ead80000)
 ParOldGen       total 89600K, used 76286K [0x00000000c0000000, 0x00000000c5780000, 0x00000000eab00000)
  object space 89600K, 85% used [0x00000000c0000000,0x00000000c4a7fb38,0x00000000c5780000)
 Metaspace       used 67673K, committed 68672K, reserved 1114112K
  class space    used 8207K, committed 8640K, reserved 1048576K
}
Event: 803.305 GC heap after
{Heap after GC invocations=263 (full 7):
 PSYoungGen      total 1536K, used 352K [0x00000000eab00000, 0x00000000ead80000, 0x0000000100000000)
  eden space 1024K, 0% used [0x00000000eab00000,0x00000000eab00000,0x00000000eac00000)
  from space 512K, 68% used [0x00000000ead00000,0x00000000ead58000,0x00000000ead80000)
  to   space 512K, 0% used [0x00000000eac80000,0x00000000eac80000,0x00000000ead00000)
 ParOldGen       total 89600K, used 76401K [0x00000000c0000000, 0x00000000c5780000, 0x00000000eab00000)
  object space 89600K, 85% used [0x00000000c0000000,0x00000000c4a9c508,0x00000000c5780000)
 Metaspace       used 67673K, committed 68672K, reserved 1114112K
  class space    used 8207K, committed 8640K, reserved 1048576K
}
Event: 803.308 GC heap before
{Heap before GC invocations=264 (full 7):
 PSYoungGen      total 1536K, used 1375K [0x00000000eab00000, 0x00000000ead80000, 0x0000000100000000)
  eden space 1024K, 99% used [0x00000000eab00000,0x00000000eabfff40,0x00000000eac00000)
  from space 512K, 68% used [0x00000000ead00000,0x00000000ead58000,0x00000000ead80000)
  to   space 512K, 0% used [0x00000000eac80000,0x00000000eac80000,0x00000000ead00000)
 ParOldGen       total 89600K, used 76401K [0x00000000c0000000, 0x00000000c5780000, 0x00000000eab00000)
  object space 89600K, 85% used [0x00000000c0000000,0x00000000c4a9c508,0x00000000c5780000)
 Metaspace       used 67673K, committed 68672K, reserved 1114112K
  class space    used 8207K, committed 8640K, reserved 1048576K
}
Event: 803.308 GC heap after
{Heap after GC invocations=264 (full 7):
 PSYoungGen      total 1536K, used 384K [0x00000000eab00000, 0x00000000ead80000, 0x0000000100000000)
  eden space 1024K, 0% used [0x00000000eab00000,0x00000000eab00000,0x00000000eac00000)
  from space 512K, 75% used [0x00000000eac80000,0x00000000eace0000,0x00000000ead00000)
  to   space 512K, 0% used [0x00000000ead00000,0x00000000ead00000,0x00000000ead80000)
 ParOldGen       total 89600K, used 76560K [0x00000000c0000000, 0x00000000c5780000, 0x00000000eab00000)
  object space 89600K, 85% used [0x00000000c0000000,0x00000000c4ac4010,0x00000000c5780000)
 Metaspace       used 67673K, committed 68672K, reserved 1114112K
  class space    used 8207K, committed 8640K, reserved 1048576K
}
Event: 803.310 GC heap before
{Heap before GC invocations=265 (full 7):
 PSYoungGen      total 1536K, used 1401K [0x00000000eab00000, 0x00000000ead80000, 0x0000000100000000)
  eden space 1024K, 99% used [0x00000000eab00000,0x00000000eabfe650,0x00000000eac00000)
  from space 512K, 75% used [0x00000000eac80000,0x00000000eace0000,0x00000000ead00000)
  to   space 512K, 0% used [0x00000000ead00000,0x00000000ead00000,0x00000000ead80000)
 ParOldGen       total 89600K, used 76560K [0x00000000c0000000, 0x00000000c5780000, 0x00000000eab00000)
  object space 89600K, 85% used [0x00000000c0000000,0x00000000c4ac4010,0x00000000c5780000)
 Metaspace       used 67673K, committed 68672K, reserved 1114112K
  class space    used 8207K, committed 8640K, reserved 1048576K
}
Event: 803.311 GC heap after
{Heap after GC invocations=265 (full 7):
 PSYoungGen      total 1536K, used 288K [0x00000000eab00000, 0x00000000ead80000, 0x0000000100000000)
  eden space 1024K, 0% used [0x00000000eab00000,0x00000000eab00000,0x00000000eac00000)
  from space 512K, 56% used [0x00000000ead00000,0x00000000ead48000,0x00000000ead80000)
  to   space 512K, 0% used [0x00000000eac80000,0x00000000eac80000,0x00000000ead00000)
 ParOldGen       total 89600K, used 76680K [0x00000000c0000000, 0x00000000c5780000, 0x00000000eab00000)
  object space 89600K, 85% used [0x00000000c0000000,0x00000000c4ae2010,0x00000000c5780000)
 Metaspace       used 67673K, committed 68672K, reserved 1114112K
  class space    used 8207K, committed 8640K, reserved 1048576K
}
Event: 803.314 GC heap before
{Heap before GC invocations=266 (full 7):
 PSYoungGen      total 1536K, used 1312K [0x00000000eab00000, 0x00000000ead80000, 0x0000000100000000)
  eden space 1024K, 100% used [0x00000000eab00000,0x00000000eac00000,0x00000000eac00000)
  from space 512K, 56% used [0x00000000ead00000,0x00000000ead48000,0x00000000ead80000)
  to   space 512K, 0% used [0x00000000eac80000,0x00000000eac80000,0x00000000ead00000)
 ParOldGen       total 89600K, used 76680K [0x00000000c0000000, 0x00000000c5780000, 0x00000000eab00000)
  object space 89600K, 85% used [0x00000000c0000000,0x00000000c4ae2010,0x00000000c5780000)
 Metaspace       used 67673K, committed 68672K, reserved 1114112K
  class space    used 8207K, committed 8640K, reserved 1048576K
}
Event: 803.315 GC heap after
{Heap after GC invocations=266 (full 7):
 PSYoungGen      total 2048K, used 320K [0x00000000eab00000, 0x00000000ead80000, 0x0000000100000000)
  eden space 1536K, 0% used [0x00000000eab00000,0x00000000eab00000,0x00000000eac80000)
  from space 512K, 62% used [0x00000000eac80000,0x00000000eacd0000,0x00000000ead00000)
  to   space 512K, 0% used [0x00000000ead00000,0x00000000ead00000,0x00000000ead80000)
 ParOldGen       total 89600K, used 76813K [0x00000000c0000000, 0x00000000c5780000, 0x00000000eab00000)
  object space 89600K, 85% used [0x00000000c0000000,0x00000000c4b03618,0x00000000c5780000)
 Metaspace       used 67673K, committed 68672K, reserved 1114112K
  class space    used 8207K, committed 8640K, reserved 1048576K
}
Event: 803.318 GC heap before
{Heap before GC invocations=267 (full 7):
 PSYoungGen      total 2048K, used 1856K [0x00000000eab00000, 0x00000000ead80000, 0x0000000100000000)
  eden space 1536K, 100% used [0x00000000eab00000,0x00000000eac80000,0x00000000eac80000)
  from space 512K, 62% used [0x00000000eac80000,0x00000000eacd0000,0x00000000ead00000)
  to   space 512K, 0% used [0x00000000ead00000,0x00000000ead00000,0x00000000ead80000)
 ParOldGen       total 89600K, used 76813K [0x00000000c0000000, 0x00000000c5780000, 0x00000000eab00000)
  object space 89600K, 85% used [0x00000000c0000000,0x00000000c4b03618,0x00000000c5780000)
 Metaspace       used 67673K, committed 68672K, reserved 1114112K
  class space    used 8207K, committed 8640K, reserved 1048576K
}
Event: 803.319 GC heap after
{Heap after GC invocations=267 (full 7):
 PSYoungGen      total 2048K, used 416K [0x00000000eab00000, 0x00000000eae00000, 0x0000000100000000)
  eden space 1536K, 0% used [0x00000000eab00000,0x00000000eab00000,0x00000000eac80000)
  from space 512K, 81% used [0x00000000ead00000,0x00000000ead68000,0x00000000ead80000)
  to   space 512K, 0% used [0x00000000eac80000,0x00000000eac80000,0x00000000ead00000)
 ParOldGen       total 89600K, used 76941K [0x00000000c0000000, 0x00000000c5780000, 0x00000000eab00000)
  object space 89600K, 85% used [0x00000000c0000000,0x00000000c4b23618,0x00000000c5780000)
 Metaspace       used 67673K, committed 68672K, reserved 1114112K
  class space    used 8207K, committed 8640K, reserved 1048576K
}
Event: 803.323 GC heap before
{Heap before GC invocations=268 (full 7):
 PSYoungGen      total 2048K, used 1952K [0x00000000eab00000, 0x00000000eae00000, 0x0000000100000000)
  eden space 1536K, 100% used [0x00000000eab00000,0x00000000eac80000,0x00000000eac80000)
  from space 512K, 81% used [0x00000000ead00000,0x00000000ead68000,0x00000000ead80000)
  to   space 512K, 0% used [0x00000000eac80000,0x00000000eac80000,0x00000000ead00000)
 ParOldGen       total 89600K, used 76941K [0x00000000c0000000, 0x00000000c5780000, 0x00000000eab00000)
  object space 89600K, 85% used [0x00000000c0000000,0x00000000c4b23618,0x00000000c5780000)
 Metaspace       used 67673K, committed 68672K, reserved 1114112K
  class space    used 8207K, committed 8640K, reserved 1048576K
}
Event: 803.324 GC heap after
{Heap after GC invocations=268 (full 7):
 PSYoungGen      total 2048K, used 384K [0x00000000eab00000, 0x00000000eae00000, 0x0000000100000000)
  eden space 1536K, 0% used [0x00000000eab00000,0x00000000eab00000,0x00000000eac80000)
  from space 512K, 75% used [0x00000000eac80000,0x00000000eace0000,0x00000000ead00000)
  to   space 512K, 0% used [0x00000000ead80000,0x00000000ead80000,0x00000000eae00000)
 ParOldGen       total 89600K, used 77160K [0x00000000c0000000, 0x00000000c5780000, 0x00000000eab00000)
  object space 89600K, 86% used [0x00000000c0000000,0x00000000c4b5a220,0x00000000c5780000)
 Metaspace       used 67673K, committed 68672K, reserved 1114112K
  class space    used 8207K, committed 8640K, reserved 1048576K
}
Event: 803.327 GC heap before
{Heap before GC invocations=269 (full 7):
 PSYoungGen      total 2048K, used 1920K [0x00000000eab00000, 0x00000000eae00000, 0x0000000100000000)
  eden space 1536K, 100% used [0x00000000eab00000,0x00000000eac80000,0x00000000eac80000)
  from space 512K, 75% used [0x00000000eac80000,0x00000000eace0000,0x00000000ead00000)
  to   space 512K, 0% used [0x00000000ead80000,0x00000000ead80000,0x00000000eae00000)
 ParOldGen       total 89600K, used 77160K [0x00000000c0000000, 0x00000000c5780000, 0x00000000eab00000)
  object space 89600K, 86% used [0x00000000c0000000,0x00000000c4b5a220,0x00000000c5780000)
 Metaspace       used 67673K, committed 68672K, reserved 1114112K
  class space    used 8207K, committed 8640K, reserved 1048576K
}
Event: 803.328 GC heap after
{Heap after GC invocations=269 (full 7):
 PSYoungGen      total 2560K, used 352K [0x00000000eab00000, 0x00000000eae00000, 0x0000000100000000)
  eden space 2048K, 0% used [0x00000000eab00000,0x00000000eab00000,0x00000000ead00000)
  from space 512K, 68% used [0x00000000ead80000,0x00000000eadd8000,0x00000000eae00000)
  to   space 512K, 0% used [0x00000000ead00000,0x00000000ead00000,0x00000000ead80000)
 ParOldGen       total 89600K, used 77344K [0x00000000c0000000, 0x00000000c5780000, 0x00000000eab00000)
  object space 89600K, 86% used [0x00000000c0000000,0x00000000c4b88220,0x00000000c5780000)
 Metaspace       used 67673K, committed 68672K, reserved 1114112K
  class space    used 8207K, committed 8640K, reserved 1048576K
}
Event: 803.391 GC heap before
{Heap before GC invocations=270 (full 7):
 PSYoungGen      total 2560K, used 2399K [0x00000000eab00000, 0x00000000eae00000, 0x0000000100000000)
  eden space 2048K, 99% used [0x00000000eab00000,0x00000000eacfff18,0x00000000ead00000)
  from space 512K, 68% used [0x00000000ead80000,0x00000000eadd8000,0x00000000eae00000)
  to   space 512K, 0% used [0x00000000ead00000,0x00000000ead00000,0x00000000ead80000)
 ParOldGen       total 89600K, used 77344K [0x00000000c0000000, 0x00000000c5780000, 0x00000000eab00000)
  object space 89600K, 86% used [0x00000000c0000000,0x00000000c4b88220,0x00000000c5780000)
 Metaspace       used 67673K, committed 68672K, reserved 1114112K
  class space    used 8207K, committed 8640K, reserved 1048576K
}
Event: 803.392 GC heap after
{Heap after GC invocations=270 (full 7):
 PSYoungGen      total 2560K, used 288K [0x00000000eab00000, 0x00000000eae00000, 0x0000000100000000)
  eden space 2048K, 0% used [0x00000000eab00000,0x00000000eab00000,0x00000000ead00000)
  from space 512K, 56% used [0x00000000ead00000,0x00000000ead48000,0x00000000ead80000)
  to   space 512K, 0% used [0x00000000ead80000,0x00000000ead80000,0x00000000eae00000)
 ParOldGen       total 89600K, used 77528K [0x00000000c0000000, 0x00000000c5780000, 0x00000000eab00000)
  object space 89600K, 86% used [0x00000000c0000000,0x00000000c4bb6220,0x00000000c5780000)
 Metaspace       used 67673K, committed 68672K, reserved 1114112K
  class space    used 8207K, committed 8640K, reserved 1048576K
}
Event: 803.498 GC heap before
{Heap before GC invocations=271 (full 7):
 PSYoungGen      total 2560K, used 2336K [0x00000000eab00000, 0x00000000eae00000, 0x0000000100000000)
  eden space 2048K, 100% used [0x00000000eab00000,0x00000000ead00000,0x00000000ead00000)
  from space 512K, 56% used [0x00000000ead00000,0x00000000ead48000,0x00000000ead80000)
  to   space 512K, 0% used [0x00000000ead80000,0x00000000ead80000,0x00000000eae00000)
 ParOldGen       total 89600K, used 77528K [0x00000000c0000000, 0x00000000c5780000, 0x00000000eab00000)
  object space 89600K, 86% used [0x00000000c0000000,0x00000000c4bb6220,0x00000000c5780000)
 Metaspace       used 67674K, committed 68672K, reserved 1114112K
  class space    used 8207K, committed 8640K, reserved 1048576K
}
Event: 803.498 GC heap after
{Heap after GC invocations=271 (full 7):
 PSYoungGen      total 2560K, used 224K [0x00000000eab00000, 0x00000000eae00000, 0x0000000100000000)
  eden space 2048K, 0% used [0x00000000eab00000,0x00000000eab00000,0x00000000ead00000)
  from space 512K, 43% used [0x00000000ead80000,0x00000000eadb8000,0x00000000eae00000)
  to   space 512K, 0% used [0x00000000ead00000,0x00000000ead00000,0x00000000ead80000)
 ParOldGen       total 89600K, used 77584K [0x00000000c0000000, 0x00000000c5780000, 0x00000000eab00000)
  object space 89600K, 86% used [0x00000000c0000000,0x00000000c4bc4220,0x00000000c5780000)
 Metaspace       used 67674K, committed 68672K, reserved 1114112K
  class space    used 8207K, committed 8640K, reserved 1048576K
}
Event: 803.611 GC heap before
{Heap before GC invocations=272 (full 7):
 PSYoungGen      total 2560K, used 2272K [0x00000000eab00000, 0x00000000eae00000, 0x0000000100000000)
  eden space 2048K, 100% used [0x00000000eab00000,0x00000000ead00000,0x00000000ead00000)
  from space 512K, 43% used [0x00000000ead80000,0x00000000eadb8000,0x00000000eae00000)
  to   space 512K, 0% used [0x00000000ead00000,0x00000000ead00000,0x00000000ead80000)
 ParOldGen       total 89600K, used 77584K [0x00000000c0000000, 0x00000000c5780000, 0x00000000eab00000)
  object space 89600K, 86% used [0x00000000c0000000,0x00000000c4bc4220,0x00000000c5780000)
 Metaspace       used 67857K, committed 68928K, reserved 1114112K
  class space    used 8222K, committed 8704K, reserved 1048576K
}
Event: 803.612 GC heap after
{Heap after GC invocations=272 (full 7):
 PSYoungGen      total 2560K, used 256K [0x00000000eab00000, 0x00000000eae00000, 0x0000000100000000)
  eden space 2048K, 0% used [0x00000000eab00000,0x00000000eab00000,0x00000000ead00000)
  from space 512K, 50% used [0x00000000ead00000,0x00000000ead40000,0x00000000ead80000)
  to   space 512K, 0% used [0x00000000ead80000,0x00000000ead80000,0x00000000eae00000)
 ParOldGen       total 89600K, used 77632K [0x00000000c0000000, 0x00000000c5780000, 0x00000000eab00000)
  object space 89600K, 86% used [0x00000000c0000000,0x00000000c4bd0220,0x00000000c5780000)
 Metaspace       used 67857K, committed 68928K, reserved 1114112K
  class space    used 8222K, committed 8704K, reserved 1048576K
}

