# JRE version: Java(TM) SE Runtime Environment 18.9 (11.0.15+8) (build 11.0.15+8-LTS-149)
# Java VM: Java HotSpot(TM) 64-Bit Server VM 18.9 (11.0.15+8-LTS-149, mixed mode, tiered, compressed oops, g1 gc, windows-amd64)
Heap:
 garbage-first heap   total 227328K, used 145296K [0x0000000080000000, 0x0000000100000000)
  region size 1024K, 56 young (57344K), 4 survivors (4096K)
 Metaspace       used 99923K, capacity 103056K, committed 103296K, reserved 606208K
  class space    used 13197K, capacity 14372K, committed 14464K, reserved 516096K
GC Heap History (10 events):
Event: 566.254 GC heap before
{Heap before GC invocations=12 (full 0):
 garbage-first heap   total 227328K, used 166763K [0x0000000080000000, 0x0000000100000000)
  region size 1024K, 128 young (131072K), 13 survivors (13312K)
 Metaspace       used 75898K, capacity 78194K, committed 78464K, reserved 583680K
  class space    used 9928K, capacity 10833K, committed 10880K, reserved 516096K
}
Event: 566.264 GC heap after
{Heap after GC invocations=13 (full 0):
 garbage-first heap   total 227328K, used 58245K [0x0000000080000000, 0x0000000100000000)
  region size 1024K, 16 young (16384K), 16 survivors (16384K)
 Metaspace       used 75898K, capacity 78194K, committed 78464K, reserved 583680K
  class space    used 9928K, capacity 10833K, committed 10880K, reserved 516096K
}
Event: 567.757 GC heap before
{Heap before GC invocations=13 (full 0):
 garbage-first heap   total 227328K, used 173957K [0x0000000080000000, 0x0000000100000000)
  region size 1024K, 126 young (129024K), 16 survivors (16384K)
 Metaspace       used 84355K, capacity 87036K, committed 87296K, reserved 591872K
  class space    used 10998K, capacity 12019K, committed 12032K, reserved 516096K
}
Event: 567.767 GC heap after
{Heap after GC invocations=14 (full 0):
 garbage-first heap   total 227328K, used 72231K [0x0000000080000000, 0x0000000100000000)
  region size 1024K, 16 young (16384K), 16 survivors (16384K)
 Metaspace       used 84355K, capacity 87036K, committed 87296K, reserved 591872K
  class space    used 10998K, capacity 12019K, committed 12032K, reserved 516096K
}
Event: 571.406 GC heap before
{Heap before GC invocations=14 (full 0):
 garbage-first heap   total 227328K, used 175655K [0x0000000080000000, 0x0000000100000000)
  region size 1024K, 116 young (118784K), 16 survivors (16384K)
 Metaspace       used 89651K, capacity 92558K, committed 92928K, reserved 595968K
  class space    used 11770K, capacity 12937K, committed 13056K, reserved 516096K
}
Event: 571.416 GC heap after
{Heap after GC invocations=15 (full 0):
 garbage-first heap   total 227328K, used 82717K [0x0000000080000000, 0x0000000100000000)
  region size 1024K, 10 young (10240K), 10 survivors (10240K)
 Metaspace       used 89651K, capacity 92558K, committed 92928K, reserved 595968K
  class space    used 11770K, capacity 12937K, committed 13056K, reserved 516096K
}
Event: 572.643 GC heap before
{Heap before GC invocations=15 (full 0):
 garbage-first heap   total 227328K, used 176925K [0x0000000080000000, 0x0000000100000000)
  region size 1024K, 102 young (104448K), 10 survivors (10240K)
 Metaspace       used 94635K, capacity 97717K, committed 97920K, reserved 602112K
  class space    used 12499K, capacity 13667K, committed 13696K, reserved 516096K
}
Event: 572.651 GC heap after
{Heap after GC invocations=16 (full 0):
 garbage-first heap   total 227328K, used 89663K [0x0000000080000000, 0x0000000100000000)
  region size 1024K, 8 young (8192K), 8 survivors (8192K)
 Metaspace       used 94635K, capacity 97717K, committed 97920K, reserved 602112K
  class space    used 12499K, capacity 13667K, committed 13696K, reserved 516096K
}
Event: 573.359 GC heap before
{Heap before GC invocations=16 (full 0):
 garbage-first heap   total 227328K, used 145983K [0x0000000080000000, 0x0000000100000000)
  region size 1024K, 64 young (65536K), 8 survivors (8192K)
 Metaspace       used 97420K, capacity 100574K, committed 100608K, reserved 604160K
  class space    used 12865K, capacity 14066K, committed 14080K, reserved 516096K
}
Event: 573.365 GC heap after
{Heap after GC invocations=17 (full 0):
 garbage-first heap   total 227328K, used 93072K [0x0000000080000000, 0x0000000100000000)
  region size 1024K, 4 young (4096K), 4 survivors (4096K)
 Metaspace       used 97420K, capacity 100574K, committed 100608K, reserved 604160K
  class space    used 12865K, capacity 14066K, committed 14080K, reserved 516096K
}

